Using pre-set license
Built from '2020.3/staging' branch; Version is '2020.3.4f1 (0abb6314276a) revision 703331'; Using compiler version '192528614'; Build Type 'Release'
OS: 'Windows 10 Home; OS build 19043.1288; Version 2009; 64bit' Language: 'de' Physical Memory: 32599 MB
BatchMode: 1, IsHumanControllingUs: 0, StartBugReporterOnCrash: 0, Is64bit: 1, IsPro: 0

 COMMAND LINE ARGUMENTS:
C:\Program Files\Unity\Hub\Editor\2020.3.4f1\Editor\Unity.exe
-adb2
-batchMode
-noUpm
-name
AssetImportWorker0
-projectPath
C:/Users/Mavin (Privat)/Documents/Matura-Arbeit/Chroma/Chroma.AlphaBuild.Github.01
-logFile
Logs/AssetImportWorker0.log
-srvPort
51802
Successfully changed project path to: C:/Users/Mavin (Privat)/Documents/Matura-Arbeit/Chroma/Chroma.AlphaBuild.Github.01
C:/Users/Mavin (Privat)/Documents/Matura-Arbeit/Chroma/Chroma.AlphaBuild.Github.01
Using Asset Import Pipeline V2.
Refreshing native plugins compatible for Editor in 66.85 ms, found 0 plugins.
Preloading 0 native plugins for Editor in 0.00 ms.
Initialize engine version: 2020.3.4f1 (0abb6314276a)
[Subsystems] Discovering subsystems at path C:/Program Files/Unity/Hub/Editor/2020.3.4f1/Editor/Data/Resources/UnitySubsystems
[Subsystems] Discovering subsystems at path C:/Users/Mavin (Privat)/Documents/Matura-Arbeit/Chroma/Chroma.AlphaBuild.Github.01/Assets
GfxDevice: creating device client; threaded=0
Direct3D:
    Version:  Direct3D 11.0 [level 11.1]
    Renderer: NVIDIA GeForce RTX 2060 (ID=0x1f15)
    Vendor:   
    VRAM:     5980 MB
    Driver:   27.21.14.5167
Initialize mono
Mono path[0] = 'C:/Program Files/Unity/Hub/Editor/2020.3.4f1/Editor/Data/Managed'
Mono path[1] = 'C:/Program Files/Unity/Hub/Editor/2020.3.4f1/Editor/Data/MonoBleedingEdge/lib/mono/unityjit'
Mono config path = 'C:/Program Files/Unity/Hub/Editor/2020.3.4f1/Editor/Data/MonoBleedingEdge/etc'
Using monoOptions --debugger-agent=transport=dt_socket,embedding=1,server=y,suspend=n,address=127.0.0.1:56896
Begin MonoManager ReloadAssembly
Registering precompiled unity dll's ...
Register platform support module: C:/Program Files/Unity/Hub/Editor/2020.3.4f1/Editor/Data/PlaybackEngines/WindowsStandaloneSupport/UnityEditor.WindowsStandalone.Extensions.dll
Registered in 0.001995 seconds.
Native extension for WindowsStandalone target not found
Refreshing native plugins compatible for Editor in 64.28 ms, found 0 plugins.
Preloading 0 native plugins for Editor in 0.00 ms.
Mono: successfully reloaded assembly
- Completed reload, in  0.961 seconds
Platform modules already initialized, skipping
Registering precompiled user dll's ...
Registered in 0.001739 seconds.
Begin MonoManager ReloadAssembly
Native extension for WindowsStandalone target not found
Refreshing native plugins compatible for Editor in 69.98 ms, found 0 plugins.
Preloading 0 native plugins for Editor in 0.00 ms.
Mono: successfully reloaded assembly
- Completed reload, in  1.205 seconds
Platform modules already initialized, skipping
========================================================================
Worker process is ready to serve import requests
Launched and connected shader compiler UnityShaderCompiler.exe after 0.03 seconds
Refreshing native plugins compatible for Editor in 0.55 ms, found 0 plugins.
Preloading 0 native plugins for Editor in 0.00 ms.
Unloading 3802 Unused Serialized files (Serialized files now loaded: 0)
System memory in use before: 190.7 MB.
System memory in use after: 190.8 MB.

Unloading 105 unused Assets to reduce memory usage. Loaded Objects now: 4240.
Total: 3.584400 ms (FindLiveObjects: 0.500800 ms CreateObjectMapping: 0.412900 ms MarkObjects: 2.456100 ms  DeleteObjects: 0.213500 ms)

========================================================================
Received Import Request.
  path: ProjectSettings/TagManager.asset
  artifactKey: Guid(00000000000000003000000000000000) Importer(815301076,1909f56bfc062723c751e8b465ee728b)
Start importing ProjectSettings/TagManager.asset using Guid(00000000000000003000000000000000) Importer(815301076,1909f56bfc062723c751e8b465ee728b)  -> (artifact id: '31c53cf794776a773ac2b475d5449b1c') in 0.030234 seconds
  Import took 0.035979 seconds .

========================================================================
Received Prepare
Registering precompiled user dll's ...
Registered in 0.001289 seconds.
Begin MonoManager ReloadAssembly
Native extension for WindowsStandalone target not found
Refreshing native plugins compatible for Editor in 0.54 ms, found 0 plugins.
Preloading 0 native plugins for Editor in 0.00 ms.
Warning: Annotation not found!
UnityEngine.StackTraceUtility:ExtractStackTrace ()
UnityEditor.ProBuilder.EditorUtility:SetGizmoIconEnabled (System.Type,bool)
UnityEditor.ProBuilder.HierarchyListener:.cctor ()
System.Runtime.CompilerServices.RuntimeHelpers:RunClassConstructor (System.RuntimeTypeHandle)
UnityEditor.EditorAssemblies:ProcessInitializeOnLoadAttributes (System.Type[])

[C:\buildslave\unity\build\Editor/Src/AnnotationManager.cpp line 229]

Mono: successfully reloaded assembly
- Completed reload, in  0.999 seconds
Platform modules already initialized, skipping
Refreshing native plugins compatible for Editor in 0.57 ms, found 0 plugins.
Preloading 0 native plugins for Editor in 0.00 ms.
Unloading 3474 Unused Serialized files (Serialized files now loaded: 0)
System memory in use before: 172.2 MB.
System memory in use after: 172.4 MB.

Unloading 12 unused Assets to reduce memory usage. Loaded Objects now: 4243.
Total: 2.835100 ms (FindLiveObjects: 0.363500 ms CreateObjectMapping: 0.240100 ms MarkObjects: 2.135100 ms  DeleteObjects: 0.095500 ms)

========================================================================
Received Import Request.
  Time since last request: 398.240501 seconds.
  path: Assets/Scripts/Level Interaction/BlockDisplacement.cs
  artifactKey: Guid(7076917cedbd3444a9205c1bc9a69e06) Importer(815301076,1909f56bfc062723c751e8b465ee728b)
Start importing Assets/Scripts/Level Interaction/BlockDisplacement.cs using Guid(7076917cedbd3444a9205c1bc9a69e06) Importer(815301076,1909f56bfc062723c751e8b465ee728b)  -> (artifact id: '9ac17f479bb3a0ca4af91193039d8165') in 0.015111 seconds
  Import took 0.020402 seconds .

========================================================================
Received Import Request.
  Time since last request: 0.010571 seconds.
  path: Assets/Scripts/Level Interaction/BlockDisplacement.cs
  artifactKey: Guid(7076917cedbd3444a9205c1bc9a69e06) Importer(815301076,1909f56bfc062723c751e8b465ee728b)
Start importing Assets/Scripts/Level Interaction/BlockDisplacement.cs using Guid(7076917cedbd3444a9205c1bc9a69e06) Importer(815301076,1909f56bfc062723c751e8b465ee728b)  -> (artifact id: '9ac17f479bb3a0ca4af91193039d8165') in 0.003753 seconds
  Import took 0.009939 seconds .

========================================================================
Received Prepare
Registering precompiled user dll's ...
Registered in 0.002054 seconds.
Begin MonoManager ReloadAssembly
Native extension for WindowsStandalone target not found
Refreshing native plugins compatible for Editor in 0.64 ms, found 0 plugins.
Preloading 0 native plugins for Editor in 0.00 ms.
Warning: Annotation not found!
UnityEngine.StackTraceUtility:ExtractStackTrace ()
UnityEditor.ProBuilder.EditorUtility:SetGizmoIconEnabled (System.Type,bool)
UnityEditor.ProBuilder.HierarchyListener:.cctor ()
System.Runtime.CompilerServices.RuntimeHelpers:RunClassConstructor (System.RuntimeTypeHandle)
UnityEditor.EditorAssemblies:ProcessInitializeOnLoadAttributes (System.Type[])

[C:\buildslave\unity\build\Editor/Src/AnnotationManager.cpp line 229]

Mono: successfully reloaded assembly
- Completed reload, in  1.230 seconds
Platform modules already initialized, skipping
Refreshing native plugins compatible for Editor in 0.89 ms, found 0 plugins.
Preloading 0 native plugins for Editor in 0.00 ms.
Unloading 3474 Unused Serialized files (Serialized files now loaded: 0)
System memory in use before: 172.2 MB.
System memory in use after: 172.4 MB.

Unloading 11 unused Assets to reduce memory usage. Loaded Objects now: 4246.
Total: 3.215100 ms (FindLiveObjects: 0.436600 ms CreateObjectMapping: 0.303500 ms MarkObjects: 2.408800 ms  DeleteObjects: 0.063200 ms)

========================================================================
Received Prepare
Registering precompiled user dll's ...
Registered in 0.001560 seconds.
Begin MonoManager ReloadAssembly
Native extension for WindowsStandalone target not found
Refreshing native plugins compatible for Editor in 0.55 ms, found 0 plugins.
Preloading 0 native plugins for Editor in 0.00 ms.
Warning: Annotation not found!
UnityEngine.StackTraceUtility:ExtractStackTrace ()
UnityEditor.ProBuilder.EditorUtility:SetGizmoIconEnabled (System.Type,bool)
UnityEditor.ProBuilder.HierarchyListener:.cctor ()
System.Runtime.CompilerServices.RuntimeHelpers:RunClassConstructor (System.RuntimeTypeHandle)
UnityEditor.EditorAssemblies:ProcessInitializeOnLoadAttributes (System.Type[])

[C:\buildslave\unity\build\Editor/Src/AnnotationManager.cpp line 229]

Mono: successfully reloaded assembly
- Completed reload, in  0.937 seconds
Platform modules already initialized, skipping
Refreshing native plugins compatible for Editor in 0.56 ms, found 0 plugins.
Preloading 0 native plugins for Editor in 0.00 ms.
Unloading 3474 Unused Serialized files (Serialized files now loaded: 0)
System memory in use before: 172.3 MB.
System memory in use after: 172.5 MB.

Unloading 11 unused Assets to reduce memory usage. Loaded Objects now: 4249.
Total: 3.220200 ms (FindLiveObjects: 0.355600 ms CreateObjectMapping: 0.177900 ms MarkObjects: 2.604500 ms  DeleteObjects: 0.081300 ms)

========================================================================
Received Prepare
Registering precompiled user dll's ...
Registered in 0.001736 seconds.
Begin MonoManager ReloadAssembly
Native extension for WindowsStandalone target not found
Refreshing native plugins compatible for Editor in 0.53 ms, found 0 plugins.
Preloading 0 native plugins for Editor in 0.00 ms.
Warning: Annotation not found!
UnityEngine.StackTraceUtility:ExtractStackTrace ()
UnityEditor.ProBuilder.EditorUtility:SetGizmoIconEnabled (System.Type,bool)
UnityEditor.ProBuilder.HierarchyListener:.cctor ()
System.Runtime.CompilerServices.RuntimeHelpers:RunClassConstructor (System.RuntimeTypeHandle)
UnityEditor.EditorAssemblies:ProcessInitializeOnLoadAttributes (System.Type[])

[C:\buildslave\unity\build\Editor/Src/AnnotationManager.cpp line 229]

Mono: successfully reloaded assembly
- Completed reload, in  0.993 seconds
Platform modules already initialized, skipping
Refreshing native plugins compatible for Editor in 0.60 ms, found 0 plugins.
Preloading 0 native plugins for Editor in 0.00 ms.
Unloading 3474 Unused Serialized files (Serialized files now loaded: 0)
System memory in use before: 172.3 MB.
System memory in use after: 172.5 MB.

Unloading 11 unused Assets to reduce memory usage. Loaded Objects now: 4252.
Total: 3.159500 ms (FindLiveObjects: 0.348600 ms CreateObjectMapping: 0.247900 ms MarkObjects: 2.497000 ms  DeleteObjects: 0.064500 ms)

========================================================================
Received Prepare
Registering precompiled user dll's ...
Registered in 0.001640 seconds.
Begin MonoManager ReloadAssembly
Native extension for WindowsStandalone target not found
Refreshing native plugins compatible for Editor in 0.58 ms, found 0 plugins.
Preloading 0 native plugins for Editor in 0.00 ms.
Warning: Annotation not found!
UnityEngine.StackTraceUtility:ExtractStackTrace ()
UnityEditor.ProBuilder.EditorUtility:SetGizmoIconEnabled (System.Type,bool)
UnityEditor.ProBuilder.HierarchyListener:.cctor ()
System.Runtime.CompilerServices.RuntimeHelpers:RunClassConstructor (System.RuntimeTypeHandle)
UnityEditor.EditorAssemblies:ProcessInitializeOnLoadAttributes (System.Type[])

[C:\buildslave\unity\build\Editor/Src/AnnotationManager.cpp line 229]

Mono: successfully reloaded assembly
- Completed reload, in  0.980 seconds
Platform modules already initialized, skipping
Refreshing native plugins compatible for Editor in 0.59 ms, found 0 plugins.
Preloading 0 native plugins for Editor in 0.00 ms.
Unloading 3474 Unused Serialized files (Serialized files now loaded: 0)
System memory in use before: 172.3 MB.
System memory in use after: 172.5 MB.

Unloading 11 unused Assets to reduce memory usage. Loaded Objects now: 4255.
Total: 2.670800 ms (FindLiveObjects: 0.411600 ms CreateObjectMapping: 0.176000 ms MarkObjects: 2.009800 ms  DeleteObjects: 0.072400 ms)

========================================================================
Received Prepare
Registering precompiled user dll's ...
Registered in 0.001703 seconds.
Begin MonoManager ReloadAssembly
Native extension for WindowsStandalone target not found
Refreshing native plugins compatible for Editor in 0.59 ms, found 0 plugins.
Preloading 0 native plugins for Editor in 0.00 ms.
Warning: Annotation not found!
UnityEngine.StackTraceUtility:ExtractStackTrace ()
UnityEditor.ProBuilder.EditorUtility:SetGizmoIconEnabled (System.Type,bool)
UnityEditor.ProBuilder.HierarchyListener:.cctor ()
System.Runtime.CompilerServices.RuntimeHelpers:RunClassConstructor (System.RuntimeTypeHandle)
UnityEditor.EditorAssemblies:ProcessInitializeOnLoadAttributes (System.Type[])

[C:\buildslave\unity\build\Editor/Src/AnnotationManager.cpp line 229]

Mono: successfully reloaded assembly
- Completed reload, in  0.977 seconds
Platform modules already initialized, skipping
Refreshing native plugins compatible for Editor in 0.57 ms, found 0 plugins.
Preloading 0 native plugins for Editor in 0.00 ms.
Unloading 3474 Unused Serialized files (Serialized files now loaded: 0)
System memory in use before: 172.3 MB.
System memory in use after: 172.5 MB.

Unloading 11 unused Assets to reduce memory usage. Loaded Objects now: 4258.
Total: 3.027400 ms (FindLiveObjects: 0.437800 ms CreateObjectMapping: 0.215100 ms MarkObjects: 2.185800 ms  DeleteObjects: 0.187800 ms)

========================================================================
Received Prepare
Registering precompiled user dll's ...
Registered in 0.001523 seconds.
Begin MonoManager ReloadAssembly
Native extension for WindowsStandalone target not found
Refreshing native plugins compatible for Editor in 0.61 ms, found 0 plugins.
Preloading 0 native plugins for Editor in 0.00 ms.
Warning: Annotation not found!
UnityEngine.StackTraceUtility:ExtractStackTrace ()
UnityEditor.ProBuilder.EditorUtility:SetGizmoIconEnabled (System.Type,bool)
UnityEditor.ProBuilder.HierarchyListener:.cctor ()
System.Runtime.CompilerServices.RuntimeHelpers:RunClassConstructor (System.RuntimeTypeHandle)
UnityEditor.EditorAssemblies:ProcessInitializeOnLoadAttributes (System.Type[])

[C:\buildslave\unity\build\Editor/Src/AnnotationManager.cpp line 229]

Mono: successfully reloaded assembly
- Completed reload, in  0.982 seconds
Platform modules already initialized, skipping
Refreshing native plugins compatible for Editor in 0.57 ms, found 0 plugins.
Preloading 0 native plugins for Editor in 0.00 ms.
Unloading 3474 Unused Serialized files (Serialized files now loaded: 0)
System memory in use before: 172.3 MB.
System memory in use after: 172.5 MB.

Unloading 11 unused Assets to reduce memory usage. Loaded Objects now: 4261.
Total: 5.834900 ms (FindLiveObjects: 0.972600 ms CreateObjectMapping: 0.771000 ms MarkObjects: 4.014100 ms  DeleteObjects: 0.076100 ms)

AssetImportWorkerClient::OnTransportError - code=2 error=End of file
